<?xml version="1.0" encoding="UTF-8"?>
<!-- Generated by org.testng.reporters.JUnitXMLReporter -->
<testsuite hostname="DESKTOP-ORIHKAL" ignored="0" name="Test" tests="4" failures="0" timestamp="2020-09-04T00:38:38 IST" time="0.079" errors="0">
  <testcase name="IOSApp" time="0.007" classname="qaclickacedemy.AppiumTest"/>
  <testcase name="NativeAppAndroid" time="0.0" classname="qaclickacedemy.AppiumTest"/>
  <testcase name="BrowserAutomate" time="0.001" classname="qaclickacedemy.SeleniumTest"/>
  <testcase name="ElementsUI" time="0.001" classname="qaclickacedemy.SeleniumTest"/>
</testsuite> <!-- Test -->
