<?xml version="1.0" encoding="UTF-8"?>
<testng-results skipped="0" failed="0" ignored="0" total="2" passed="2">
  <reporter-output>
  </reporter-output>
  <suite name="Default suite" duration-ms="155" started-at="2020-09-04T22:30:13 IST" finished-at="2020-09-04T22:30:13 IST">
    <groups>
    </groups>
    <test name="Default test" duration-ms="155" started-at="2020-09-04T22:30:13 IST" finished-at="2020-09-04T22:30:13 IST">
      <class name="qaclickacedemy.SeleniumTest">
        <test-method status="PASS" signature="BrowserAutomate()[pri:0, instance:qaclickacedemy.SeleniumTest@528931cf]" name="BrowserAutomate" duration-ms="54" started-at="2020-09-04T22:30:13 IST" finished-at="2020-09-04T22:30:13 IST">
          <reporter-output>
          </reporter-output>
        </test-method> <!-- BrowserAutomate -->
        <test-method status="PASS" signature="ElementsUI()[pri:0, instance:qaclickacedemy.SeleniumTest@528931cf]" name="ElementsUI" duration-ms="1" started-at="2020-09-04T22:30:13 IST" finished-at="2020-09-04T22:30:13 IST">
          <reporter-output>
          </reporter-output>
        </test-method> <!-- ElementsUI -->
      </class> <!-- qaclickacedemy.SeleniumTest -->
    </test> <!-- Default test -->
  </suite> <!-- Default suite -->
</testng-results>
