<?xml version="1.0" encoding="UTF-8"?>
<testng-results skipped="0" failed="0" ignored="0" total="4" passed="4">
  <reporter-output>
  </reporter-output>
  <suite name="Suite" duration-ms="79" started-at="2020-09-04T00:38:38 IST" finished-at="2020-09-04T00:38:38 IST">
    <groups>
    </groups>
    <test name="Test" duration-ms="79" started-at="2020-09-04T00:38:38 IST" finished-at="2020-09-04T00:38:38 IST">
      <class name="qaclickacedemy.AppiumTest">
        <test-method status="PASS" signature="IOSApp()[pri:0, instance:qaclickacedemy.AppiumTest@887af79]" name="IOSApp" duration-ms="7" started-at="2020-09-04T00:38:38 IST" finished-at="2020-09-04T00:38:38 IST">
          <reporter-output>
          </reporter-output>
        </test-method> <!-- IOSApp -->
        <test-method status="PASS" signature="NativeAppAndroid()[pri:0, instance:qaclickacedemy.AppiumTest@887af79]" name="NativeAppAndroid" duration-ms="0" started-at="2020-09-04T00:38:38 IST" finished-at="2020-09-04T00:38:38 IST">
          <reporter-output>
          </reporter-output>
        </test-method> <!-- NativeAppAndroid -->
      </class> <!-- qaclickacedemy.AppiumTest -->
      <class name="qaclickacedemy.SeleniumTest">
        <test-method status="PASS" signature="BrowserAutomate()[pri:0, instance:qaclickacedemy.SeleniumTest@7fac631b]" name="BrowserAutomate" duration-ms="1" started-at="2020-09-04T00:38:38 IST" finished-at="2020-09-04T00:38:38 IST">
          <reporter-output>
          </reporter-output>
        </test-method> <!-- BrowserAutomate -->
        <test-method status="PASS" signature="ElementsUI()[pri:0, instance:qaclickacedemy.SeleniumTest@7fac631b]" name="ElementsUI" duration-ms="1" started-at="2020-09-04T00:38:38 IST" finished-at="2020-09-04T00:38:38 IST">
          <reporter-output>
          </reporter-output>
        </test-method> <!-- ElementsUI -->
      </class> <!-- qaclickacedemy.SeleniumTest -->
    </test> <!-- Test -->
  </suite> <!-- Suite -->
</testng-results>
